#
# There is insufficient memory for the Java Runtime Environment to continue.
# Native memory allocation (mmap) failed to map 65536 bytes for Failed to commit metaspace.
# Possible reasons:
#   The system is out of physical RAM or swap space
#   The process is running with CompressedOops enabled, and the Java Heap may be blocking the growth of the native heap
# Possible solutions:
#   Reduce memory load on the system
#   Increase physical memory or swap space
#   Check if swap backing store is full
#   Decrease Java heap size (-Xmx/-Xms)
#   Decrease number of Java threads
#   Decrease Java thread stack sizes (-Xss)
#   Set larger code cache with -XX:ReservedCodeCacheSize=
#   JVM is running with Unscaled Compressed Oops mode in which the Java heap is
#     placed in the first 4GB address space. The Java Heap base address is the
#     maximum limit for the native heap growth. Please use -XX:HeapBaseMinAddress
#     to set the Java Heap base and to place the Java Heap above 4GB virtual address.
# This output file may be truncated or incomplete.
#
#  Out of Memory Error (virtualSpaceNode.cpp:110), pid=44864, tid=45040
#
# JRE version: OpenJDK Runtime Environment Temurin-17.0.5+8 (17.0.5+8) (build 17.0.5+8)
# Java VM: OpenJDK 64-Bit Server VM Temurin-17.0.5+8 (17.0.5+8, mixed mode, tiered, compressed oops, compressed class ptrs, parallel gc, windows-amd64)
# No core dump will be written. Minidumps are not enabled by default on client versions of Windows
#

---------------  S U M M A R Y ------------

Command Line: --add-modules=ALL-SYSTEM --add-opens=java.base/java.util=ALL-UNNAMED --add-opens=java.base/java.lang=ALL-UNNAMED --add-opens=java.base/sun.nio.fs=ALL-UNNAMED -Declipse.application=org.eclipse.jdt.ls.core.id1 -Dosgi.bundles.defaultStartLevel=4 -Declipse.product=org.eclipse.jdt.ls.core.product -Djava.import.generatesMetadataFilesAtProjectRoot=false -Dfile.encoding=utf8 -XX:+UseParallelGC -XX:GCTimeRatio=4 -XX:AdaptiveSizePolicyWeight=90 -Dsun.zip.disableMemoryMapping=true -Xmx1G -Xms100m -Xlog:disable -javaagent:c:\Users\Omar\.vscode\extensions\redhat.java-1.13.0-win32-x64\lombok\lombok-1.18.24.jar -XX:+HeapDumpOnOutOfMemoryError -XX:HeapDumpPath=c:\Users\Omar\AppData\Roaming\Code\User\workspaceStorage\78212cf05d706f6648d07128a5f93730\redhat.java c:\Users\Omar\.vscode\extensions\redhat.java-1.13.0-win32-x64\server\plugins\org.eclipse.equinox.launcher_1.6.400.v20210924-0641.jar -configuration c:\Users\Omar\AppData\Roaming\Code\User\globalStorage\redhat.java\1.13.0\config_win -data c:\Users\Omar\AppData\Roaming\Code\User\workspaceStorage\78212cf05d706f6648d07128a5f93730\redhat.java\jdt_ws

Host: Intel(R) Core(TM) i5-5300U CPU @ 2.30GHz, 4 cores, 15G,  Windows 10 , 64 bit Build 19041 (10.0.19041.2364)
Time: Thu Feb 16 16:49:08 2023 Morocco Daylight Time elapsed time: 0.371624 seconds (0d 0h 0m 0s)

---------------  T H R E A D  ---------------

Current thread (0x0000027788a34550):  JavaThread "main" [_thread_in_vm, id=45040, stack(0x000000ebe1b00000,0x000000ebe1c00000)]

Stack: [0x000000ebe1b00000,0x000000ebe1c00000]
Native frames: (J=compiled Java code, j=interpreted, Vv=VM code, C=native code)
V  [jvm.dll+0x676b3a]
V  [jvm.dll+0x831444]
V  [jvm.dll+0x832bee]
V  [jvm.dll+0x833253]
V  [jvm.dll+0x244ce5]
V  [jvm.dll+0x82d4db]
V  [jvm.dll+0x61b2f6]
V  [jvm.dll+0x1bfd2e]
V  [jvm.dll+0x61dc41]
V  [jvm.dll+0x61bc96]
V  [jvm.dll+0x23a786]
V  [jvm.dll+0x1ea39d]
V  [jvm.dll+0x1dfdd1]
V  [jvm.dll+0x53be30]
V  [jvm.dll+0x7ac72d]
V  [jvm.dll+0x7ac68a]
V  [jvm.dll+0x40c0c4]
V  [jvm.dll+0x41f8db]
C  [java.dll+0x1657]

Java frames: (J=compiled Java code, j=interpreted, Vv=VM code)
j  java.lang.ClassLoader.defineClass0(Ljava/lang/ClassLoader;Ljava/lang/Class;Ljava/lang/String;[BIILjava/security/ProtectionDomain;ZILjava/lang/Object;)Ljava/lang/Class;+0 java.base@17.0.5
j  java.lang.System$2.defineClass(Ljava/lang/ClassLoader;Ljava/lang/Class;Ljava/lang/String;[BLjava/security/ProtectionDomain;ZILjava/lang/Object;)Ljava/lang/Class;+17 java.base@17.0.5
j  java.lang.invoke.MethodHandles$Lookup$ClassDefiner.defineClass(ZLjava/lang/Object;)Ljava/lang/Class;+54 java.base@17.0.5
j  java.lang.invoke.InvokerBytecodeGenerator.loadMethod([B)Ljava/lang/invoke/MemberName;+16 java.base@17.0.5
j  java.lang.invoke.InvokerBytecodeGenerator.generateCustomizedCode(Ljava/lang/invoke/LambdaForm;Ljava/lang/invoke/MethodType;)Ljava/lang/invoke/MemberName;+30 java.base@17.0.5
j  java.lang.invoke.LambdaForm.compileToBytecode()V+69 java.base@17.0.5
j  java.lang.invoke.LambdaForm.prepare()V+21 java.base@17.0.5
j  java.lang.invoke.MethodHandle.<init>(Ljava/lang/invoke/MethodType;Ljava/lang/invoke/LambdaForm;)V+33 java.base@17.0.5
j  java.lang.invoke.BoundMethodHandle.<init>(Ljava/lang/invoke/MethodType;Ljava/lang/invoke/LambdaForm;)V+3 java.base@17.0.5
j  java.lang.invoke.BoundMethodHandle$Species_L.<init>(Ljava/lang/invoke/MethodType;Ljava/lang/invoke/LambdaForm;Ljava/lang/Object;)V+3 java.base@17.0.5
j  java.lang.invoke.BoundMethodHandle$Species_L.make(Ljava/lang/invoke/MethodType;Ljava/lang/invoke/LambdaForm;Ljava/lang/Object;)Ljava/lang/invoke/BoundMethodHandle;+7 java.base@17.0.5
j  java.lang.invoke.BoundMethodHandle.bindSingle(Ljava/lang/invoke/MethodType;Ljava/lang/invoke/LambdaForm;Ljava/lang/Object;)Ljava/lang/invoke/BoundMethodHandle;+3 java.base@17.0.5
j  java.lang.invoke.SimpleMethodHandle.copyWithExtendL(Ljava/lang/invoke/MethodType;Ljava/lang/invoke/LambdaForm;Ljava/lang/Object;)Ljava/lang/invoke/BoundMethodHandle;+3 java.base@17.0.5
j  java.lang.invoke.LambdaFormEditor.bindArgumentL(Ljava/lang/invoke/BoundMethodHandle;ILjava/lang/Object;)Ljava/lang/invoke/BoundMethodHandle;+55 java.base@17.0.5
j  java.lang.invoke.BoundMethodHandle.bindArgumentL(ILjava/lang/Object;)Ljava/lang/invoke/BoundMethodHandle;+7 java.base@17.0.5
j  java.lang.invoke.MethodHandle.bindArgumentL(ILjava/lang/Object;)Ljava/lang/invoke/BoundMethodHandle;+6 java.base@17.0.5
j  java.lang.invoke.MethodHandle.bindTo(Ljava/lang/Object;)Ljava/lang/invoke/MethodHandle;+15 java.base@17.0.5
j  java.lang.invoke.MethodHandles.constant(Ljava/lang/Class;Ljava/lang/Object;)Ljava/lang/invoke/MethodHandle;+84 java.base@17.0.5
j  java.lang.invoke.InnerClassLambdaMetafactory.buildCallSite()Ljava/lang/invoke/CallSite;+143 java.base@17.0.5
j  java.lang.invoke.LambdaMetafactory.metafactory(Ljava/lang/invoke/MethodHandles$Lookup;Ljava/lang/String;Ljava/lang/invoke/MethodType;Ljava/lang/invoke/MethodType;Ljava/lang/invoke/MethodHandle;Ljava/lang/invoke/MethodType;)Ljava/lang/invoke/CallSite;+67 java.base@17.0.5
j  java.lang.invoke.DirectMethodHandle$Holder.invokeStatic(Ljava/lang/Object;Ljava/lang/Object;Ljava/lang/Object;Ljava/lang/Object;Ljava/lang/Object;Ljava/lang/Object;Ljava/lang/Object;)Ljava/lang/Object;+20 java.base@17.0.5
j  java.lang.invoke.Invokers$Holder.invokeExact_MT(Ljava/lang/Object;Ljava/lang/Object;Ljava/lang/Object;Ljava/lang/Object;Ljava/lang/Object;Ljava/lang/Object;Ljava/lang/Object;Ljava/lang/Object;)Ljava/lang/Object;+28 java.base@17.0.5
j  java.lang.invoke.BootstrapMethodInvoker.invoke(Ljava/lang/Class;Ljava/lang/invoke/MethodHandle;Ljava/lang/String;Ljava/lang/Object;Ljava/lang/Object;Ljava/lang/Class;)Ljava/lang/Object;+319 java.base@17.0.5
j  java.lang.invoke.CallSite.makeSite(Ljava/lang/invoke/MethodHandle;Ljava/lang/String;Ljava/lang/invoke/MethodType;Ljava/lang/Object;Ljava/lang/Class;)Ljava/lang/invoke/CallSite;+8 java.base@17.0.5
j  java.lang.invoke.MethodHandleNatives.linkCallSiteImpl(Ljava/lang/Class;Ljava/lang/invoke/MethodHandle;Ljava/lang/String;Ljava/lang/invoke/MethodType;Ljava/lang/Object;[Ljava/lang/Object;)Ljava/lang/invoke/MemberName;+6 java.base@17.0.5
j  java.lang.invoke.MethodHandleNatives.linkCallSite(Ljava/lang/Object;ILjava/lang/Object;Ljava/lang/Object;Ljava/lang/Object;Ljava/lang/Object;[Ljava/lang/Object;)Ljava/lang/invoke/MemberName;+46 java.base@17.0.5
v  ~StubRoutines::call_stub
j  jdk.internal.module.DefaultRoots.compute(Ljava/lang/module/ModuleFinder;Ljava/lang/module/ModuleFinder;)Ljava/util/Set;+11 java.base@17.0.5
j  jdk.internal.module.ModuleBootstrap.boot2()Ljava/lang/ModuleLayer;+727 java.base@17.0.5
j  jdk.internal.module.ModuleBootstrap.boot()Ljava/lang/ModuleLayer;+64 java.base@17.0.5
j  java.lang.System.initPhase2(ZZ)I+0 java.base@17.0.5
v  ~StubRoutines::call_stub

---------------  P R O C E S S  ---------------

Threads class SMR info:
_java_thread_list=0x000002779c86d250, length=10, elements={
0x0000027788a34550, 0x000002779c84d740, 0x000002779c84fc30, 0x000002779c88c410,
0x000002779c88ede0, 0x000002779c88f6a0, 0x000002779c88ff60, 0x000002779c890c00,
0x000002779e2063b0, 0x000002779e209070
}

Java Threads: ( => current thread )
=>0x0000027788a34550 JavaThread "main" [_thread_in_vm, id=45040, stack(0x000000ebe1b00000,0x000000ebe1c00000)]
  0x000002779c84d740 JavaThread "Reference Handler" daemon [_thread_blocked, id=38068, stack(0x000000ebe1f00000,0x000000ebe2000000)]
  0x000002779c84fc30 JavaThread "Finalizer" daemon [_thread_blocked, id=38072, stack(0x000000ebe2000000,0x000000ebe2100000)]
  0x000002779c88c410 JavaThread "Signal Dispatcher" daemon [_thread_blocked, id=38164, stack(0x000000ebe2100000,0x000000ebe2200000)]
  0x000002779c88ede0 JavaThread "Attach Listener" daemon [_thread_blocked, id=38168, stack(0x000000ebe2200000,0x000000ebe2300000)]
  0x000002779c88f6a0 JavaThread "Service Thread" daemon [_thread_blocked, id=38148, stack(0x000000ebe2300000,0x000000ebe2400000)]
  0x000002779c88ff60 JavaThread "Monitor Deflation Thread" daemon [_thread_blocked, id=38216, stack(0x000000ebe2400000,0x000000ebe2500000)]
  0x000002779c890c00 JavaThread "C2 CompilerThread0" daemon [_thread_blocked, id=38196, stack(0x000000ebe2500000,0x000000ebe2600000)]
  0x000002779e2063b0 JavaThread "C1 CompilerThread0" daemon [_thread_blocked, id=38200, stack(0x000000ebe2600000,0x000000ebe2700000)]
  0x000002779e209070 JavaThread "Sweeper thread" daemon [_thread_blocked, id=38240, stack(0x000000ebe2700000,0x000000ebe2800000)]

Other Threads:
  0x000002779c8385d0 VMThread "VM Thread" [stack: 0x000000ebe1e00000,0x000000ebe1f00000] [id=38008]
  0x0000027788a49460 GCTaskThread "GC Thread#0" [stack: 0x000000ebe1d00000,0x000000ebe1e00000] [id=37972]

Threads with active compile tasks:

VM state: not at safepoint (normal execution)

VM Mutex/Monitor currently owned by a thread:  ([mutex/lock_event])
[0x0000027788a2e140] Metaspace_lock - owner thread: 0x0000027788a34550

Heap address: 0x00000000c0000000, size: 1024 MB, Compressed Oops mode: 32-bit

CDS archive(s) not mapped
Compressed class space mapped at: 0x0000000100000000-0x0000000140000000, reserved size: 1073741824
Narrow klass base: 0x0000000000000000, Narrow klass shift: 3, Narrow klass range: 0x140000000

GC Precious Log:
 CPUs: 4 total, 4 available
 Memory: 16266M
 Large Page Support: Disabled
 NUMA Support: Disabled
 Compressed Oops: Enabled (32-bit)
 Alignments: Space 512K, Generation 512K, Heap 2M
 Heap Min Capacity: 100M
 Heap Initial Capacity: 100M
 Heap Max Capacity: 1G
 Pre-touch: Disabled
 Parallel Workers: 4

Heap:
 PSYoungGen      total 29696K, used 2048K [0x00000000eab00000, 0x00000000ecc00000, 0x0000000100000000)
  eden space 25600K, 8% used [0x00000000eab00000,0x00000000ead001e0,0x00000000ec400000)
  from space 4096K, 0% used [0x00000000ec800000,0x00000000ec800000,0x00000000ecc00000)
  to   space 4096K, 0% used [0x00000000ec400000,0x00000000ec400000,0x00000000ec800000)
 ParOldGen       total 68608K, used 0K [0x00000000c0000000, 0x00000000c4300000, 0x00000000eab00000)
  object space 68608K, 0% used [0x00000000c0000000,0x00000000c0000000,0x00000000c4300000)
 Metaspace       used 3969K, committed 4032K, reserved 1056768K
  class space    used 344K, committed 384K, reserved 1048576K

Card table byte_map: [0x00000277883e0000,0x00000277885f0000] _byte_map_base: 0x0000027787de0000

Marking Bits: (ParMarkBitMap*) 0x00007ffff5880dd0
 Begin Bits: [0x000002779a6c0000, 0x000002779b6c0000)
 End Bits:   [0x000002779b6c0000, 0x000002779c6c0000)

Polling page: 0x00000277869c0000

Metaspace:

Usage:
  Non-class:      3.54 MB used.
      Class:    344.71 KB used.
       Both:      3.88 MB used.

Virtual space:
  Non-class space:        8.00 MB reserved,       3.56 MB ( 45%) committed,  1 nodes.
      Class space:        1.00 GB reserved,     384.00 KB ( <1%) committed,  1 nodes.
             Both:        1.01 GB reserved,       3.94 MB ( <1%) committed. 

Chunk freelists:
   Non-Class:  4.00 MB
       Class:  3.62 MB
        Both:  7.62 MB

MaxMetaspaceSize: unlimited
CompressedClassSpaceSize: 1.00 GB
Initial GC threshold: 21.00 MB
Current GC threshold: 21.00 MB
CDS: off
MetaspaceReclaimPolicy: balanced
 - commit_granule_bytes: 65536.
 - commit_granule_words: 8192.
 - virtual_space_node_default_size: 1048576.
 - enlarge_chunks_in_place: 1.
 - new_chunks_are_fully_committed: 0.
 - uncommit_free_chunks: 1.
 - use_allocation_guard: 0.
 - handle_deallocations: 1.


Internal statistics:

num_allocs_failed_limit: 0.
num_arena_births: 4.
num_arena_deaths: 0.
num_vsnodes_births: 2.
num_vsnodes_deaths: 0.
num_space_committed: 63.
num_space_uncommitted: 0.
num_chunks_returned_to_freelist: 0.
num_chunks_taken_from_freelist: 4.
num_chunk_merges: 0.
num_chunk_splits: 2.
num_chunks_enlarged: 0.
num_purges: 0.
num_inconsistent_stats: 0.

CodeHeap 'non-profiled nmethods': size=120000Kb used=16Kb max_used=16Kb free=119984Kb
 bounds [0x0000027793190000, 0x0000027793400000, 0x000002779a6c0000]
CodeHeap 'profiled nmethods': size=120000Kb used=48Kb max_used=48Kb free=119951Kb
 bounds [0x000002778bc60000, 0x000002778bed0000, 0x0000027793190000]
CodeHeap 'non-nmethods': size=5760Kb used=1066Kb max_used=1066Kb free=4693Kb
 bounds [0x000002778b6c0000, 0x000002778b930000, 0x000002778bc60000]
 total_blobs=384 nmethods=48 adapters=251
 compilation: enabled
              stopped_count=0, restarted_count=0
 full_count=0

Compilation events (20 events):
Event: 0.231 Thread 0x000002779e2063b0   27       3       java.util.concurrent.ConcurrentHashMap::tabAt (22 bytes)
Event: 0.232 Thread 0x000002779e2063b0 nmethod 27 0x000002778bc67510 code [0x000002778bc676c0, 0x000002778bc67978]
Event: 0.232 Thread 0x000002779e2063b0   29       3       java.util.concurrent.ConcurrentHashMap::spread (10 bytes)
Event: 0.232 Thread 0x000002779e2063b0 nmethod 29 0x000002778bc67a90 code [0x000002778bc67c20, 0x000002778bc67d18]
Event: 0.232 Thread 0x000002779e2063b0   30       3       java.util.ImmutableCollections$SetN$SetNIterator::next (90 bytes)
Event: 0.233 Thread 0x000002779e2063b0 nmethod 30 0x000002778bc67d90 code [0x000002778bc67f40, 0x000002778bc68248]
Event: 0.254 Thread 0x000002779e2063b0   32       1       java.lang.Enum::ordinal (5 bytes)
Event: 0.254 Thread 0x000002779e2063b0 nmethod 32 0x0000027793191390 code [0x0000027793191520, 0x00000277931915f8]
Event: 0.256 Thread 0x000002779e2063b0   35       3       java.util.concurrent.ConcurrentHashMap::addCount (279 bytes)
Event: 0.258 Thread 0x000002779e2063b0 nmethod 35 0x000002778bc68390 code [0x000002778bc685e0, 0x000002778bc68f68]
Event: 0.258 Thread 0x000002779e2063b0   37   !   3       java.util.concurrent.ConcurrentHashMap::putVal (433 bytes)
Event: 0.260 Thread 0x000002779e2063b0 nmethod 37 0x000002778bc69290 code [0x000002778bc695e0, 0x000002778bc6aee8]
Event: 0.260 Thread 0x000002779e2063b0   38       3       java.util.concurrent.ConcurrentHashMap$Node::<init> (20 bytes)
Event: 0.261 Thread 0x000002779e2063b0 nmethod 38 0x000002778bc6b890 code [0x000002778bc6ba20, 0x000002778bc6bbb8]
Event: 0.294 Thread 0x000002779e2063b0   44       1       java.lang.Class::getClassLoader0 (5 bytes)
Event: 0.294 Thread 0x000002779e2063b0 nmethod 44 0x0000027793193410 code [0x00000277931935a0, 0x0000027793193678]
Event: 0.300 Thread 0x000002779e2063b0   45       3       java.lang.String::isEmpty (14 bytes)
Event: 0.301 Thread 0x000002779e2063b0 nmethod 45 0x000002778bc6bc90 code [0x000002778bc6be20, 0x000002778bc6bf98]
Event: 0.314 Thread 0x000002779e2063b0   48       1       java.lang.invoke.MethodType::returnType (5 bytes)
Event: 0.314 Thread 0x000002779e2063b0 nmethod 48 0x0000027793193d10 code [0x0000027793193ea0, 0x0000027793193f78]

GC Heap History (0 events):
No events

Dll operation events (1 events):
Event: 0.021 Loaded shared library c:\Users\Omar\.vscode\extensions\redhat.java-1.13.0-win32-x64\jre\17.0.5-win32-x86_64\bin\java.dll

Deoptimization events (0 events):
No events

Classes unloaded (0 events):
No events

Classes redefined (0 events):
No events

Internal exceptions (0 events):
No events

VM Operations (0 events):
No events

Events (20 events):
Event: 0.306 loading class sun/invoke/util/Wrapper$1
Event: 0.306 loading class sun/invoke/util/Wrapper$1 done
Event: 0.306 loading class java/lang/invoke/LambdaFormEditor
Event: 0.307 loading class java/lang/invoke/LambdaFormEditor done
Event: 0.307 loading class java/lang/invoke/LambdaFormEditor$TransformKey
Event: 0.307 loading class java/lang/invoke/LambdaFormEditor$TransformKey done
Event: 0.308 loading class java/lang/invoke/LambdaFormBuffer
Event: 0.308 loading class java/lang/invoke/LambdaFormBuffer done
Event: 0.309 loading class java/lang/invoke/LambdaFormEditor$Transform
Event: 0.309 loading class java/lang/invoke/LambdaFormEditor$Transform done
Event: 0.309 loading class jdk/internal/org/objectweb/asm/Frame
Event: 0.313 loading class jdk/internal/org/objectweb/asm/Frame done
Event: 0.313 loading class java/lang/invoke/InvokerBytecodeGenerator$ClassData
Event: 0.313 loading class java/lang/invoke/InvokerBytecodeGenerator$ClassData done
Event: 0.315 loading class java/util/ArrayList$Itr
Event: 0.315 loading class java/util/ArrayList$Itr done
Event: 0.315 loading class jdk/internal/org/objectweb/asm/FieldWriter
Event: 0.315 loading class jdk/internal/org/objectweb/asm/FieldVisitor
Event: 0.315 loading class jdk/internal/org/objectweb/asm/FieldVisitor done
Event: 0.315 loading class jdk/internal/org/objectweb/asm/FieldWriter done


Dynamic libraries:
0x00007ff680a30000 - 0x00007ff680a3e000 	c:\Users\Omar\.vscode\extensions\redhat.java-1.13.0-win32-x64\jre\17.0.5-win32-x86_64\bin\java.exe
0x00007ff8548d0000 - 0x00007ff854ac8000 	C:\WINDOWS\SYSTEM32\ntdll.dll
0x00007ff8541f0000 - 0x00007ff8542af000 	C:\WINDOWS\System32\KERNEL32.DLL
0x00007ff8522e0000 - 0x00007ff8525b2000 	C:\WINDOWS\System32\KERNELBASE.dll
0x00007ff852630000 - 0x00007ff852730000 	C:\WINDOWS\System32\ucrtbase.dll
0x00007ff84a770000 - 0x00007ff84a787000 	c:\Users\Omar\.vscode\extensions\redhat.java-1.13.0-win32-x64\jre\17.0.5-win32-x86_64\bin\jli.dll
0x00007ff852ca0000 - 0x00007ff852e41000 	C:\WINDOWS\System32\USER32.dll
0x00007ff852730000 - 0x00007ff852752000 	C:\WINDOWS\System32\win32u.dll
0x00007ff854710000 - 0x00007ff85473b000 	C:\WINDOWS\System32\GDI32.dll
0x00007ff851fc0000 - 0x00007ff8520cf000 	C:\WINDOWS\System32\gdi32full.dll
0x00007ff852210000 - 0x00007ff8522ad000 	C:\WINDOWS\System32\msvcp_win.dll
0x00007ff846dc0000 - 0x00007ff846dd9000 	c:\Users\Omar\.vscode\extensions\redhat.java-1.13.0-win32-x64\jre\17.0.5-win32-x86_64\bin\VCRUNTIME140.dll
0x00007ff843ea0000 - 0x00007ff84413a000 	C:\WINDOWS\WinSxS\amd64_microsoft.windows.common-controls_6595b64144ccf1df_6.0.19041.1110_none_60b5254171f9507e\COMCTL32.dll
0x00007ff852910000 - 0x00007ff8529ae000 	C:\WINDOWS\System32\msvcrt.dll
0x00007ff852a50000 - 0x00007ff852a82000 	C:\WINDOWS\System32\IMM32.DLL
0x00007ff846880000 - 0x00007ff84688c000 	c:\Users\Omar\.vscode\extensions\redhat.java-1.13.0-win32-x64\jre\17.0.5-win32-x86_64\bin\vcruntime140_1.dll
0x00007ffff7060000 - 0x00007ffff70f1000 	c:\Users\Omar\.vscode\extensions\redhat.java-1.13.0-win32-x64\jre\17.0.5-win32-x86_64\bin\msvcp140.dll
0x00007ffff4d00000 - 0x00007ffff5944000 	c:\Users\Omar\.vscode\extensions\redhat.java-1.13.0-win32-x64\jre\17.0.5-win32-x86_64\bin\server\jvm.dll
0x00007ff8536a0000 - 0x00007ff85374e000 	C:\WINDOWS\System32\ADVAPI32.dll
0x00007ff8529b0000 - 0x00007ff852a4c000 	C:\WINDOWS\System32\sechost.dll
0x00007ff853760000 - 0x00007ff853885000 	C:\WINDOWS\System32\RPCRT4.dll
0x00007ff839410000 - 0x00007ff839419000 	C:\WINDOWS\SYSTEM32\WSOCK32.dll
0x00007ff8539b0000 - 0x00007ff853a1b000 	C:\WINDOWS\System32\WS2_32.dll
0x00007ff843500000 - 0x00007ff843527000 	C:\WINDOWS\SYSTEM32\WINMM.dll
0x00007ff846870000 - 0x00007ff84687a000 	C:\WINDOWS\SYSTEM32\VERSION.dll
0x00007ff84fed0000 - 0x00007ff84fee2000 	C:\WINDOWS\SYSTEM32\kernel.appcore.dll
0x00007ff844b00000 - 0x00007ff844b0a000 	c:\Users\Omar\.vscode\extensions\redhat.java-1.13.0-win32-x64\jre\17.0.5-win32-x86_64\bin\jimage.dll
0x00007ff84f600000 - 0x00007ff84f7e4000 	C:\WINDOWS\SYSTEM32\DBGHELP.DLL
0x00007ff845e00000 - 0x00007ff845e35000 	C:\WINDOWS\SYSTEM32\dbgcore.DLL
0x00007ff8520d0000 - 0x00007ff852152000 	C:\WINDOWS\System32\bcryptPrimitives.dll
0x00007ff8448d0000 - 0x00007ff8448de000 	c:\Users\Omar\.vscode\extensions\redhat.java-1.13.0-win32-x64\jre\17.0.5-win32-x86_64\bin\instrument.dll
0x00007ff8421b0000 - 0x00007ff8421d5000 	c:\Users\Omar\.vscode\extensions\redhat.java-1.13.0-win32-x64\jre\17.0.5-win32-x86_64\bin\java.dll
0x00007ff8444e0000 - 0x00007ff8444f8000 	c:\Users\Omar\.vscode\extensions\redhat.java-1.13.0-win32-x64\jre\17.0.5-win32-x86_64\bin\zip.dll
0x00007ff853aa0000 - 0x00007ff8541e4000 	C:\WINDOWS\System32\SHELL32.dll
0x00007ff850040000 - 0x00007ff8507d2000 	C:\WINDOWS\SYSTEM32\windows.storage.dll
0x00007ff8532e0000 - 0x00007ff853635000 	C:\WINDOWS\System32\combase.dll
0x00007ff851940000 - 0x00007ff851970000 	C:\WINDOWS\SYSTEM32\Wldp.dll
0x00007ff854740000 - 0x00007ff8547ed000 	C:\WINDOWS\System32\SHCORE.dll
0x00007ff8544b0000 - 0x00007ff854505000 	C:\WINDOWS\System32\shlwapi.dll
0x00007ff851f00000 - 0x00007ff851f1f000 	C:\WINDOWS\SYSTEM32\profapi.dll

dbghelp: loaded successfully - version: 4.0.5 - missing functions: none
symbol engine: initialized successfully - sym options: 0x614 - pdb path: .;c:\Users\Omar\.vscode\extensions\redhat.java-1.13.0-win32-x64\jre\17.0.5-win32-x86_64\bin;C:\WINDOWS\SYSTEM32;C:\WINDOWS\WinSxS\amd64_microsoft.windows.common-controls_6595b64144ccf1df_6.0.19041.1110_none_60b5254171f9507e;c:\Users\Omar\.vscode\extensions\redhat.java-1.13.0-win32-x64\jre\17.0.5-win32-x86_64\bin\server

VM Arguments:
jvm_args: --add-modules=ALL-SYSTEM --add-opens=java.base/java.util=ALL-UNNAMED --add-opens=java.base/java.lang=ALL-UNNAMED --add-opens=java.base/sun.nio.fs=ALL-UNNAMED -Declipse.application=org.eclipse.jdt.ls.core.id1 -Dosgi.bundles.defaultStartLevel=4 -Declipse.product=org.eclipse.jdt.ls.core.product -Djava.import.generatesMetadataFilesAtProjectRoot=false -Dfile.encoding=utf8 -XX:+UseParallelGC -XX:GCTimeRatio=4 -XX:AdaptiveSizePolicyWeight=90 -Dsun.zip.disableMemoryMapping=true -Xmx1G -Xms100m -Xlog:disable -javaagent:c:\Users\Omar\.vscode\extensions\redhat.java-1.13.0-win32-x64\lombok\lombok-1.18.24.jar -XX:+HeapDumpOnOutOfMemoryError -XX:HeapDumpPath=c:\Users\Omar\AppData\Roaming\Code\User\workspaceStorage\78212cf05d706f6648d07128a5f93730\redhat.java 
java_command: c:\Users\Omar\.vscode\extensions\redhat.java-1.13.0-win32-x64\server\plugins\org.eclipse.equinox.launcher_1.6.400.v20210924-0641.jar -configuration c:\Users\Omar\AppData\Roaming\Code\User\globalStorage\redhat.java\1.13.0\config_win -data c:\Users\Omar\AppData\Roaming\Code\User\workspaceStorage\78212cf05d706f6648d07128a5f93730\redhat.java\jdt_ws
java_class_path (initial): c:\Users\Omar\.vscode\extensions\redhat.java-1.13.0-win32-x64\server\plugins\org.eclipse.equinox.launcher_1.6.400.v20210924-0641.jar
Launcher Type: SUN_STANDARD

[Global flags]
    uintx AdaptiveSizePolicyWeight                 = 90                                        {product} {command line}
     intx CICompilerCount                          = 3                                         {product} {ergonomic}
    uintx GCTimeRatio                              = 4                                         {product} {command line}
     bool HeapDumpOnOutOfMemoryError               = true                                   {manageable} {command line}
    ccstr HeapDumpPath                             = c:\Users\Omar\AppData\Roaming\Code\User\workspaceStorage\78212cf05d706f6648d07128a5f93730\redhat.java         {manageable} {command line}
   size_t InitialHeapSize                          = 104857600                                 {product} {command line}
   size_t MaxHeapSize                              = 1073741824                                {product} {command line}
   size_t MaxNewSize                               = 357564416                                 {product} {ergonomic}
   size_t MinHeapDeltaBytes                        = 524288                                    {product} {ergonomic}
   size_t MinHeapSize                              = 104857600                                 {product} {command line}
   size_t NewSize                                  = 34603008                                  {product} {ergonomic}
    uintx NonNMethodCodeHeapSize                   = 5832780                                {pd product} {ergonomic}
    uintx NonProfiledCodeHeapSize                  = 122912730                              {pd product} {ergonomic}
   size_t OldSize                                  = 70254592                                  {product} {ergonomic}
    uintx ProfiledCodeHeapSize                     = 122912730                              {pd product} {ergonomic}
    uintx ReservedCodeCacheSize                    = 251658240                              {pd product} {ergonomic}
     bool SegmentedCodeCache                       = true                                      {product} {ergonomic}
   size_t SoftMaxHeapSize                          = 1073741824                             {manageable} {ergonomic}
     bool UseCompressedClassPointers               = true                           {product lp64_product} {ergonomic}
     bool UseCompressedOops                        = true                           {product lp64_product} {ergonomic}
     bool UseLargePagesIndividualAllocation        = false                                  {pd product} {ergonomic}
     bool UseParallelGC                            = true                                      {product} {command line}

Logging:
Log output configuration:
 #0: stdout all=off uptime,level,tags
 #1: stderr all=off uptime,level,tags

Environment Variables:
CLASSPATH=C:\xampp\tomcat\lib\servlet-api.jar
PATH=C:\Program Files (x86)\Intel\iCLS Client\;C:\Program Files\Intel\iCLS Client\;C:\Program Files (x86)\Razer\ChromaBroadcast\bin;C:\Program Files\Razer\ChromaBroadcast\bin;C:\Program Files\Common Files\Oracle\Java\javapath;C:\oraclexe\app\oracle\product\11.2.0\server\bin;C:\Program Files (x86)\Common Files\Oracle\Java\javapath;C:\WINDOWS\System32;C:\WINDOWS;C:\WINDOWS\System32\Wbem;C:\WINDOWS\System32\WindowsPowerShell\v1.0\;C:\WINDOWS\System32\OpenSSH\;C:\Program Files\Intel\WiFi\bin\;C:\Program Files\Common Files\Intel\WirelessCommon\;C:\Program Files (x86)\Dev-Cpp\MinGW64\bin;C:\Program Files\Azure Data Studio\bin;C:\Program Files\Microsoft SQL Server\Client SDK\ODBC\130\Tools\Binn\;C:\Program Files (x86)\Microsoft SQL Server\140\Tools\Binn\;C:\Program Files\Microsoft SQL Server\140\Tools\Binn\;C:\Program Files\Microsoft SQL Server\140\DTS\Binn\;C:\Program Files (x86)\Microsoft SQL Server\150\DTS\Binn\;C:\Program Files (x86)\GnuWin32\bin;C:\GnuWin32\bin;C:\Program Files\Java\jdk-15.0.2\bin;C:\Program Files\nodejs\;C:\ProgramData\chocolatey\bin;C:\Program Files\Git\cmd;C:\Program Files\Microsoft SQL Server\150\Tools\Binn\;C:\Program Files\Microsoft SQL Server\Client SDK\ODBC\170\Tools\Binn\;C:\Program Files\dotnet\;C:\Program Files\Microsoft SQL Server\130\Tools\Binn\;C:\WINDOWS\system32\config\systemprofile\AppData\Local\Microsoft\WindowsApps;C:\Program Files (x86)\Intel\Intel(R) Management Engine Components\DAL;C:\Program Files\Intel\Intel(R) Management Engine Components\DAL;C:\Program Files (x86)\Intel\Intel(R) Management Engine Components\IPT;C:\Program Files\Intel\Intel(R) Management Engine Components\IPT;C:\Program Files\Docker\Docker\resources\bin;C:\Windows\System32;C:\Program Files\ibm\gsk8\lib64;C:\Program Files (x86)\ibm\gsk8\lib;C:\Outils\IBM\SQLLIB\BIN;C:\Outils\IBM\SQLLIB\FUNCTION;C:\Outils\IBM\SQLLIB\SAMPLES\REPL;C:\Python27;C:\Python27\Scripts;C:\Users\Omar\AppData\Local\Programs\Python\Python311;C:\sonar-scanner-4.7.0.2747-windows\bin;C:\Users\Oma
USERNAME=Omar
OS=Windows_NT
PROCESSOR_IDENTIFIER=Intel64 Family 6 Model 61 Stepping 4, GenuineIntel
TMP=C:\Users\Omar\AppData\Local\Temp
TEMP=C:\Users\Omar\AppData\Local\Temp



---------------  S Y S T E M  ---------------

OS:
 Windows 10 , 64 bit Build 19041 (10.0.19041.2364)
OS uptime: 6 days 4:35 hours
Hyper-V role detected

CPU: total 4 (initial active 4) (2 cores per cpu, 2 threads per core) family 6 model 61 stepping 4 microcode 0x2d, cx8, cmov, fxsr, ht, mmx, 3dnowpref, sse, sse2, sse3, ssse3, sse4.1, sse4.2, popcnt, lzcnt, tsc, tscinvbit, avx, avx2, aes, erms, clmul, bmi1, bmi2, rtm, adx, fma, vzeroupper, clflush, hv

Memory: 4k page, system-wide physical 16266M (1381M free)
TotalPageFile size 20362M (AvailPageFile size 14M)
current process WorkingSet (physical memory assigned to process): 26M, peak: 26M
current process commit charge ("private bytes"): 169M, peak: 169M

vm_info: OpenJDK 64-Bit Server VM (17.0.5+8) for windows-amd64 JRE (17.0.5+8), built on Oct 19 2022 04:48:13 by "temurin" with MS VC++ 16.7 (VS2019)

END.
